<?xml version="1.0" encoding="UTF-8"?>
<!-- Generated by org.testng.reporters.JUnitReportReporter -->
<testsuite skipped="0" hostname="DESKTOP-TP16GC9" name="com.qa.testcase.HomeScreenTest" tests="1" failures="0" timestamp="07 Jun 2019 09:00:22 GMT" time="0.457" errors="0">
  <testcase name="isENbuttonEnabled" time="0.457" classname="com.qa.testcase.HomeScreenTest"/>
</testsuite> <!-- com.qa.testcase.HomeScreenTest -->
