<?xml version="1.0" encoding="UTF-8"?>
<!-- Generated by org.testng.reporters.JUnitReportReporter -->
<testsuite skipped="0" hostname="Biswajit" name="com.qa.testcase.HomeScreenTest" tests="1" failures="0" timestamp="21 Jun 2019 17:29:46 GMT" time="0.802" errors="0">
  <testcase name="isENbuttonEnabled" time="0.802" classname="com.qa.testcase.HomeScreenTest"/>
</testsuite> <!-- com.qa.testcase.HomeScreenTest -->
